[socialistics.com/index.html]
[backblue.gif]
[fade.gif]
[index.html]
[socialistics.com/wp-includes/css/dist/block-library/style.min41a3.css]
[socialistics.com/feed/index.html]
[socialistics.com/wp-content/plugins/author-box-for-divi/css/user41a3.css]
[socialistics.com/wp-content/plugins/contact-form-7/includes/css/styles7661.css]
[socialistics.com/wp-content/plugins/socialistics-calculator/assets/calc_style78d8.css]
[socialistics.com/wp-content/themes/Divi/style41a3.css]
[socialistics.com/wp-content/themes/Divi-child/style41a3.css]
[socialistics.com/wp-content/themes/Divi-child/style8e83.css]
[use.fontawesome.com/releases/v5.15.1/css/all.css]
[socialistics.com/wp-content/plugins/range-slider-for-gravity-form/includes/css/style001e.css]
[socialistics.com/wp-content/plugins/range-slider-for-gravity-form/includes/js/jquery-ui001e.css]
[socialistics.com/wp-content/plugins/range-slider-for-gravity-form/includes/js/jquery-ui-slider-pips001e.css]
[use.fontawesome.com/releases/v5.15.1/css/v4-shims.css]
[socialistics.com/wp-content/plugins/google-analytics-for-wordpress/assets/js/frontend-gtag.min3b7f.js]
[socialistics.com/wp-includes/js/jquery/jquery.minaf6c.js]
[socialistics.com/wp-includes/js/jquery/jquery-migrate.mind617.js]
[socialistics.com/wp-content/plugins/child-theme-generator/public/js/child-theme-generator-public8a54.js]
[cdnjs.cloudflare.com/ajax/libs/jqueryui/1.12.1/jquery-ui.min41a3.js]
[socialistics.com/wp-content/plugins/range-slider-for-gravity-form/includes/js/jquery.ui.touch-punch.min001e.js]
[socialistics.com/wp-content/plugins/range-slider-for-gravity-form/includes/js/jquery-ui001e.js]
[socialistics.com/wp-content/plugins/range-slider-for-gravity-form/includes/js/jquery-ui-slider-pips4250.js]
[socialistics.com/wp-content/plugins/range-slider-for-gravity-form/includes/js/front41a3.js]
[socialistics.com/wp-json/index.html]
[socialistics.com/wp-json/wp/v2/pages/7846.json]
[socialistics.com/xmlrpc0db0.php]
[socialistics.com/wp-includes/wlwmanifest.xml]
[socialistics.com/wp-json/oembed/1.0/embed1bf6.json]
[socialistics.com/wp-json/oembed/1.0/embedbcb0]
[socialistics.com/wp-content/themes/Divi/core/admin/fonts/modules.ttf]
[connect.facebook.net/en_US/fbevents.js]
[socialistics.com/wp-content/uploads/2020/10/socialistics_favicon.png]
[socialistics.com/wp-content/et-cache/7846/et-core-unified-tb-19-tb-144-7846-162766955794.min.css]
[socialistics.com/wp-content/et-cache/7846/et-core-unified-7846-162766955794.min.css]
[socialistics.com/wp-content/uploads/2020/10/header-logo.png]
[socialistics.com/wp-content/uploads/2020/11/1.mp4]
[socialistics.com/about/index.html]
[socialistics.com/wp-content/uploads/2020/11/1280px-US_Air_Force_Logo_Solid_Colour.svg.png]
[socialistics.com/socialistics-cares/index.html]
[socialistics.com/careers/index.html]
[socialistics.com/wp-content/uploads/2020/11/1200px-Habitat_for_humanity.svg.png]
[socialistics.com/how-much-does-social-media-marketing-cost/index.html]
[socialistics.com/our-work/index.html]
[socialistics.com/services/index.html]
[socialistics.com/wp-content/uploads/2020/11/download.png]
[socialistics.com/podcast/index.html]
[socialistics.com/wp-content/uploads/2020/11/unnamed.png]
[socialistics.com/blog/index.html]
[socialistics.com/contact/index.html]
[socialistics.com/wp-content/uploads/2020/11/cropped-SCL-Logo_FINAL_color.png]
[socialistics.com/wp-content/uploads/2021/04/KayCo-logo-Purple.jpg]
[socialistics.com/wp-content/uploads/2021/07/GBC-logo-transparent-Background-300x80.png]
[socialistics.com/wp-content/uploads/2021/07/PPLP-PHX-1c-300x169.png]
[socialistics.com/wp-content/uploads/2021/07/Wondermelon-Logo_green-01-300x138.png]
[socialistics.com/wp-content/uploads/2021/07/Beetology-Logo-01.png]
[socialistics.com/wp-content/uploads/2020/10/Triangle-Down-img.png]
[socialistics.com/wp-content/uploads/2021/01/social-media.png]
[socialistics.com/wp-content/uploads/2021/01/paid-content.png]
[socialistics.com/wp-content/uploads/2021/01/influencer.png]
[socialistics.com/wp-content/uploads/2021/01/connection.png]
[socialistics.com/wp-content/uploads/2021/01/2gwBVcES.png]
[socialistics.com/wp-content/uploads/2020/11/ezgif-7-3f4eee69c3f1.jpg]
[socialistics.com/us-air-force/index.html]
[socialistics.com/trupanion/index.html]
[socialistics.com/wp-content/uploads/2020/11/ezgif-7-635497de72a6.jpg]
[socialistics.com/the-true-don-quixote/index.html]
[socialistics.com/wp-content/uploads/2021/07/27th-annual-digital-244x300.png]
[socialistics.com/a-habitat-for-humanity/index.html]
[upcity-marketplace.s3.amazonaws.com/badges/new-badge20200826-29782-16degap.png_; filename_=UTF-8''new-badge20200826-29782-16degap.png]
[socialistics.com/wp-content/uploads/2021/01/logo-7.png]
[socialistics.com/wp-content/uploads/2021/07/The-Power-of-Storytelling-How-It-Can-Transform-Your-Business-400x250.png]
[socialistics.com/wp-content/uploads/2021/07/CLUTCH-400x250.png]
[socialistics.com/the-power-of-storytelling-and-how-it-can-transform-your-business/index.html]
[socialistics.com/socialistics-takes-a-spot-on-clutchs-list-of-top-social-media-marketing-companies-in-washington/index.html]
[socialistics.com/wp-content/uploads/2021/07/Legal-Tips-for-Agency-Owners-400x250.png]
[socialistics.com/legal-tips-and-advice-for-agency-owners-with-ruth-carter/index.html]
[socialistics.com/wp-content/uploads/2020/12/HKNtncG_-300x300.jpg]
[socialistics.com/wp-content/uploads/2020/10/5-stars-1-300x54.png]
[socialistics.com/wp-content/uploads/2020/12/dwMelfL3.png]
[socialistics.com/wp-content/uploads/2020/12/jimmy_h-296x300.png]
[socialistics.com/wp-content/uploads/2020/11/image-27.jpg]
[socialistics.com/wp-content/uploads/2020/11/dan-circle-200x203-1.png]
[socialistics.com/wp-content/uploads/2020/11/krista.jpg]
[cdnjs.cloudflare.com/ajax/libs/OwlCarousel2/2.3.4/assets/owl.carousel.min.css]
[cdnjs.cloudflare.com/ajax/libs/OwlCarousel2/2.3.4/assets/owl.theme.default.min.css]
[cdnjs.cloudflare.com/ajax/libs/OwlCarousel2/2.3.4/owl.carousel.min.js]
[connect.facebook.net/en_US/sdk.js]
[socialistics.com/wp-includes/js/mediaelement/mediaelementplayer-legacy.min08e1.css]
[socialistics.com/wp-includes/js/mediaelement/wp-mediaelement.min41a3.css]
[socialistics.com/wp-content/plugins/activecampaign-subscription-forms/site_tracking41a3.js]
[socialistics.com/wp-includes/js/dist/vendor/regenerator-runtime.minb36a.js]
[socialistics.com/wp-includes/js/dist/vendor/wp-polyfill.min2c7c.js]
[socialistics.com/wp-content/plugins/contact-form-7/includes/js/index7661.js]
[socialistics.com/wp-content/plugins/socialistics-calculator/assets/calc_script0e62.js]
[socialistics.com/wp-content/themes/Divi/core/admin/js/common8e83.js]
[socialistics.com/wp-content/themes/Divi/js/custom.unified8e83.js]
[socialistics.com/wp-content/plugins/wp-smushit/app/assets/js/smush-lazy-load.minab17.js]
[socialistics.com/wp-includes/js/wp-embed.min41a3.js]
[socialistics.com/wp-includes/js/mediaelement/mediaelement-and-player.min08e1.js]
[socialistics.com/wp-includes/js/mediaelement/mediaelement-migrate.min41a3.js]
[socialistics.com/index.html]
[socialistics.com/xmlrpc.php]
[socialistics.com/wp-includes/css/dist/block-library/style.min41a3.css]
[socialistics.com/wp-content/plugins/activecampaign-subscription-forms/activecampaign-form-block/build/style-indexe1e1.css]
[socialistics.com/wp-content/plugins/author-box-for-divi/css/user41a3.css]
[socialistics.com/wp-content/plugins/child-theme-generator/public/css/child-theme-generator-public8a54.css]
[socialistics.com/wp-content/plugins/contact-form-7/includes/css/styles7661.css]
[socialistics.com/wp-includes/js/mediaelement/wp-mediaelement.min41a3.js]
[socialistics.com/wp-content/uploads/2021/03/997657_Socialistics-Calculator-Graphics_030821.png]
[socialistics.com/wp-content/plugins/socialistics-calculator/assets/calc_style78d8.css]
[socialistics.com/wp-content/themes/Divi/core/admin/fonts/modules.eot]
[socialistics.com/wp-content/themes/Divi/core/admin/fonts/modulesd41d.eot]
[socialistics.com/wp-content/themes/Divi/core/admin/fonts/modules.woff]
[socialistics.com/wp-content/themes/Divi/includes/builder/styles/images/subscribe-loader.gif]
[socialistics.com/wp-content/themes/Divi/core/admin/fonts/modules.svg]
[socialistics.com/wp-content/themes/Divi/includes/builder/styles/images/preloader.gif]
[socialistics.com/wp-content/themes/Divi/epanel/shortcodes/images/shortcodes-sprite.png]
[socialistics.com/wp-content/themes/Divi/style41a3.css]
[socialistics.com/wp-content/themes/Divi-child/style41a3.css]
[socialistics.com/wp-content/themes/Divi-child/style8e83.css]
[use.fontawesome.com/releases/v5.15.1/css/all.css]
[socialistics.com/wp-content/plugins/range-slider-for-gravity-form/includes/css/style001e.css]
[socialistics.com/wp-content/plugins/range-slider-for-gravity-form/includes/js/jquery-ui001e.css]
[socialistics.com/wp-content/plugins/range-slider-for-gravity-form/includes/js/jquery-ui-slider-pips001e.css]
[use.fontawesome.com/releases/v5.15.1/css/v4-shims.css]
[socialistics.com/b2b-instagram-strategies/index.html]
[socialistics.com/POST]
[connect.facebook.net/en_US/fbevents.js]
[socialistics.com/wp-content/uploads/2020/10/ezgif-6-e15cfd5b9f2d.jpg]
[socialistics.com/wp-content/et-cache/7846/et-core-unified-tb-19-tb-144-7846-162766955794.min.css]
[socialistics.com/wp-content/et-cache/7846/et-core-unified-7846-162766955794.min.css]
[socialistics.com/wp-json/wp/v2/pages/13.json]
[socialistics.com/wp-json/oembed/1.0/embed146a.json]
[socialistics.com/wp-json/oembed/1.0/embed4e3c]
[socialistics.com/wp-content/et-cache/13/et-core-unified-tb-19-tb-144-13-162767495263.min.css]
[socialistics.com/wp-content/et-cache/13/et-core-unified-13-162767495263.min.css]
[socialistics.com/wp-content/uploads/2020/12/QUvfXetF.png]
[socialistics.com/wp-content/uploads/2020/11/img-11.png]
[socialistics.com/wp-content/uploads/2020/11/img-12.png]
[socialistics.com/wp-content/uploads/2020/11/img-14.png]
[socialistics.com/wp-content/uploads/2020/11/img-13.png]
[socialistics.com/wp-content/uploads/2020/11/img-15.png]
[socialistics.com/wp-content/uploads/2020/10/icon-1.png]
[socialistics.com/wp-content/uploads/2020/10/icon-2.png]
[socialistics.com/wp-content/uploads/2020/10/icon-3.png]
[socialistics.com/wp-content/uploads/2020/11/jason_yormarkJPG-scaled.jpg]
[socialistics.com/wp-content/uploads/2020/11/ashley_ohl-scaled.jpg]
[socialistics.com/wp-content/uploads/2020/11/joanna_bresson.jpg]
[socialistics.com/wp-content/uploads/2020/12/ezgif-7-71d88c7b90dd.jpg]
[socialistics.com/wp-content/uploads/2021/04/Kayla.jpg]
[socialistics.com/wp-content/uploads/2021/07/social.jpg]
[socialistics.com/wp-content/uploads/2020/11/heather_mccluskey-scaled.jpg]
[socialistics.com/wp-content/uploads/2021/03/stasia.jpg]
[socialistics.com/wp-content/uploads/2021/06/download.jpg]
[socialistics.com/about/index.html]
[socialistics.com/wp-json/wp/v2/pages/6008.json]
[socialistics.com/wp-json/oembed/1.0/embed9280.json]
[socialistics.com/wp-json/oembed/1.0/embed15e2]
[socialistics.com/wp-content/et-cache/6008/et-core-unified-6008-162767889277.min.css]
[socialistics.com/wp-content/uploads/2021/06/cq9slnxv8yu-400x250.jpg]
[socialistics.com/socialistics-cares-room-to-grow/index.html]
[socialistics.com/wp-content/uploads/2021/03/Blog-Picture-1-1080x675.png]
[socialistics.com/wp-content/uploads/2021/02/DVS-scaled-1-1080x675.jpg]
[socialistics.com/wp-content/uploads/2020/10/D32A0181-2-scaled.jpg]
[socialistics.com/socialistics-cares/index.html]
[socialistics.com/socialistics-cares-resolve-the-national-infertility-association/index.html]
[socialistics.com/wp-content/plugins/gravityforms/legacy/css/formreset.mined42.css]
[socialistics.com/domestic-violence-services-of-snohomish-county/index.html]
[socialistics.com/wp-content/plugins/gravityforms/legacy/css/formsmain.mined42.css]
[socialistics.com/wp-content/plugins/gravityforms/legacy/css/readyclass.mined42.css]
[socialistics.com/wp-content/plugins/gravityforms/legacy/css/browsers.mined42.css]
[socialistics.com/wp-content/plugins/gravityforms/js/jquery.json.mined42.js]
[socialistics.com/wp-content/plugins/gravityforms/js/gravityforms.mined42.js]
[www.google.com/recaptcha/api349e.js]
[socialistics.com/wp-json/wp/v2/pages/5974.json]
[socialistics.com/wp-json/oembed/1.0/embedf058.json]
[socialistics.com/wp-json/oembed/1.0/embedade2]
[socialistics.com/wp-content/et-cache/5974/et-core-unified-5974-162767889277.min.css]
[platform.linkedin.com/in.js]
[socialistics.com/wp-content/uploads/2021/01/D32A0038.jpg]
[socialistics.com/wp-includes/js/dist/dom-ready.min7354.js]
[socialistics.com/wp-includes/js/dist/hooks.mine16b.js]
[socialistics.com/wp-includes/js/dist/i18n.min71a7.js]
[socialistics.com/account-manager/index.html]
[socialistics.com/social-media-manager/index.html]
[socialistics.com/paid-social-media-manager/index.html]
[socialistics.com/wp-includes/js/dist/a11y.minac6e.js]
[socialistics.com/wp-content/plugins/gravityforms/js/placeholders.jquery.mined42.js]
[socialistics.com/social-media-content-coordinator/index.html]
[socialistics.com/wp-content/uploads/2021/01/D32A9989-1.jpg]
[socialistics.com/careers/index.html]
[socialistics.com/wp-json/wp/v2/pages/7634.json]
[socialistics.com/wp-json/oembed/1.0/embed57b1.json]
[socialistics.com/wp-json/oembed/1.0/embedeb6e]
[socialistics.com/wp-content/et-cache/7634/et-core-unified-tb-19-tb-144-7634-162767063625.min.css]
[socialistics.com/wp-content/et-cache/7634/et-core-unified-7634-162767063625.min.css]
[socialistics.com/wp-content/uploads/2021/03/CleanShot-2021-03-11-at-08.13.15@2x.jpg]
[socialistics.com/how-much-does-social-media-marketing-cost/index.html]
[socialistics.com/wp-json/wp/v2/pages/517.json]
[socialistics.com/wp-json/oembed/1.0/embed6493.json]
[socialistics.com/wp-json/oembed/1.0/embedfc5f]
[socialistics.com/wp-content/et-cache/517/et-core-unified-tb-19-tb-144-517-162767021375.min.css]
[socialistics.com/wp-content/et-cache/517/et-core-unified-517-162767021375.min.css]
[socialistics.com/wp-content/uploads/2020/11/trupanion-logo.png]
[socialistics.com/wp-content/uploads/2020/11/logo-1.png]
[socialistics.com/wp-content/uploads/2021/01/us-air-force-1-logo-black-and-white-e1585612833852-300x300.png]
[socialistics.com/wp-content/uploads/2020/11/ABI_Logo_white-e1585613430277.png]
[socialistics.com/wp-content/uploads/2020/11/Habitat-For-Humanity.png]
[socialistics.com/wp-content/uploads/2020/11/Don-Quixote.png]
[socialistics.com/our-work/index.html]
[socialistics.com/wp-json/wp/v2/pages/535.json]
[socialistics.com/wp-json/oembed/1.0/embed0e58.json]
[socialistics.com/wp-json/oembed/1.0/embed2385]
[socialistics.com/wp-content/et-cache/535/et-core-unified-tb-19-tb-144-535-162767256036.min.css]
[socialistics.com/wp-content/et-cache/535/et-core-unified-535-162767256036.min.css]
[socialistics.com/wp-content/uploads/2021/01/book.png]
[socialistics.com/wp-content/uploads/2020/10/icon-7.svg]
[socialistics.com/wp-content/uploads/2021/01/social-media-2.png]
[socialistics.com/wp-content/uploads/2021/01/monitoring-1.png]
[socialistics.com/wp-content/uploads/2021/01/dollar-symbol-1.png]
[socialistics.com/wp-content/uploads/2021/01/analytics-1.png]
[socialistics.com/services/index.html]
[socialistics.com/wp-content/plugins/elfsight-testimonials-slider-cc/assets/elfsight-testimonials-slider1576.js]
[socialistics.com/wp-json/wp/v2/pages/562.json]
[socialistics.com/wp-json/oembed/1.0/embedd6a6.json]
[socialistics.com/wp-json/oembed/1.0/embedab40]
[socialistics.com/wp-content/et-cache/562/et-core-unified-tb-19-tb-144-562-162767021393.min.css]
[socialistics.com/wp-content/et-cache/562/et-core-unified-562-162767021393.min.css]
[socialistics.com/wp-content/uploads/2020/11/jasonyormark-Podcast-11-1.jpg]
[socialistics.com/wp-content/uploads/2020/10/Apple_Podcasts_Listen_Badge_RGB-1.png]
[socialistics.com/wp-content/uploads/2020/10/spotify-podcast-badge-blk-grn-660x160-1-1.png]
[socialistics.com/podcast-guest-questionnaire/index.html]
[socialistics.com/wp-content/uploads/2020/10/EN_Google_Podcasts_Badge_8x-1.png]
[socialistics.com/podcast/index.html]
[socialistics.com/wp-json/wp/v2/pages/589.json]
[socialistics.com/wp-json/oembed/1.0/embed6b1b.json]
[socialistics.com/wp-json/oembed/1.0/embed1064]
[socialistics.com/wp-content/et-cache/589/et-core-unified-tb-19-tb-144-589-162766964606.min.css]
[socialistics.com/wp-content/et-cache/589/et-core-unified-589-162766964606.min.css]
[socialistics.com/blog/“https_/s3.amazonaws.com/top-local-agencies/js/upcity_widget.js”]
[socialistics.com/wp-content/uploads/2021/07/The-Power-of-Storytelling-How-It-Can-Transform-Your-Business.png]
[socialistics.com/wp-content/uploads/2021/07/CLUTCH-1080x675.png]
[socialistics.com/wp-content/uploads/2021/07/Legal-Tips-for-Agency-Owners.png]
[socialistics.com/wp-content/uploads/2021/05/image1-1080x675.png]
[socialistics.com/how-to-use-social-media-for-recruiting/index.html]
[socialistics.com/wp-content/uploads/2021/06/Alternative-Ways-To-Build-An-Agency.png]
[socialistics.com/alternative-ways-to-build-an-agency-with-elizabeth-pampalone/index.html]
[socialistics.com/wp-content/uploads/2021/05/Comm_SiteBug_Digital_Distinction-722x675.png]
[socialistics.com/communicator-awards-award-of-distinction/index.html]
[socialistics.com/wp-content/uploads/2021/06/Agency-Stories-Wayne-Mullins-from-Ugly-Mug-Marketing-1.png]
[socialistics.com/wp-content/uploads/2021/06/cq9slnxv8yu-1080x675.jpg]
[socialistics.com/agency-stories-wayne-mullins-from-ugly-mug-marketing/index.html]
[socialistics.com/wp-content/uploads/2021/04/The-Incredible-Journey-Of-A-19-Year-Old-Agency-Owner-4.png]
[socialistics.com/how-to-build-a-scaleable-culture-rich-virtual-agency-team/index.html]
[widget.clutch.co/static/js/widget.js]
[socialistics.com/blog/page/2/indexf83b.html]
[socialistics.com/category/agency-tips/index.html]
[socialistics.com/category/analytics/index.html]
[s3.amazonaws.com/top-local-agencies/js/upcity_widget.js]
[socialistics.com/blog/index.html]
[socialistics.com/category/career/index.html]
[socialistics.com/category/branding/index.html]
[socialistics.com/category/case-study/index.html]
[socialistics.com/category/facebook/index.html]
[socialistics.com/wp-json/wp/v2/pages/7903.json]
[socialistics.com/category/influencer/index.html]
[socialistics.com/category/instagram/index.html]
[socialistics.com/category/linkedin/index.html]
[socialistics.com/wp-json/oembed/1.0/embed109f.json]
[socialistics.com/category/marketing/index.html]
[socialistics.com/category/paid-ads/index.html]
[socialistics.com/category/podcast/index.html]
[socialistics.com/wp-json/oembed/1.0/embedea95]
[socialistics.com/category/socialistics-cares/index.html]
[socialistics.com/category/social-media/index.html]
[socialistics.com/category/trends/index.html]
[socialistics.com/wp-content/et-cache/7903/et-core-unified-tb-19-tb-144-7903-162766956233.min.css]
[socialistics.com/contact/index.html]
[socialistics.com/wp-content/et-cache/7903/et-core-unified-7903-162766956233.min.css]
[socialistics.com/category/uncategorized/index.html]
[socialistics.com/wp-json/wp/v2/pages/5549.json]
[socialistics.com/wp-json/oembed/1.0/embed722d.json]
[socialistics.com/wp-json/oembed/1.0/embed14c8]
[socialistics.com/wp-content/et-cache/5549/et-core-unified-tb-19-tb-144-5549-162767021414.min.css]
[socialistics.com/us-air-force/index.html]
[socialistics.com/wp-content/et-cache/5549/et-core-unified-5549-162767021414.min.css]
[socialistics.com/wp-json/wp/v2/pages/5542.json]
[socialistics.com/wp-json/oembed/1.0/embed7691.json]
[socialistics.com/wp-json/oembed/1.0/embedeb6e-2]
[socialistics.com/wp-content/et-cache/5542/et-core-unified-tb-19-tb-144-5542-162767021418.min.css]
[socialistics.com/trupanion/index.html]
[socialistics.com/wp-content/et-cache/5542/et-core-unified-5542-162767021418.min.css]
[socialistics.com/wp-json/wp/v2/pages/5942.json]
[socialistics.com/wp-json/oembed/1.0/embed2a02.json]
[socialistics.com/wp-json/oembed/1.0/embed14e5]
[socialistics.com/wp-content/et-cache/5942/et-core-unified-5942-162767890014.min.css]
[socialistics.com/wp-content/uploads/2020/10/tim-bennett-OwvRB-M3GwE-unsplash-1.jpg]
[socialistics.com/the-true-don-quixote/index.html]
[socialistics.com/wp-json/wp/v2/pages/5946.json]
[socialistics.com/wp-json/oembed/1.0/embedede3.json]
[socialistics.com/wp-json/oembed/1.0/embed1b8b]
[socialistics.com/a-habitat-for-humanity/index.html]
[socialistics.com/wp-content/et-cache/5946/et-core-unified-5946-16276789008.min.css]
[socialistics.com/wp-json/wp/v2/posts/8046.json]
[socialistics.com/wp-json/oembed/1.0/embedcea6.json]
[socialistics.com/wp-json/oembed/1.0/embed61bb]
[socialistics.com/wp-content/et-cache/global/et-divi-customizer-global-162766963452.min.css]
[www.buzzsprout.com/1232381/8614850-the-power-of-storytelling-how-it-can-transform-your-business6a54.js]
[socialistics.com/wp-content/uploads/2020/07/Apple_Podcasts_Listen_Badge_RGB.png]
[socialistics.com/wp-content/uploads/2020/07/spotify-podcast-badge-blk-grn-660x160-1.png]
[socialistics.com/wp-content/uploads/2020/07/EN_Google_Podcasts_Badge_8x-1024x260.png]
[socialistics.com/the-power-of-storytelling-and-how-it-can-transform-your-business/index.html]
[socialistics.com/wp-json/wp/v2/posts/8051.json]
[socialistics.com/wp-json/oembed/1.0/embedc6cf.json]
[socialistics.com/wp-json/oembed/1.0/embed8a3d]
[socialistics.com/wp-content/uploads/2021/07/CLUTCH.png]
[socialistics.com/socialistics-takes-a-spot-on-clutchs-list-of-top-social-media-marketing-companies-in-washington/index.html]
[socialistics.com/wp-json/wp/v2/posts/8043.json]
[socialistics.com/wp-json/oembed/1.0/embed3a59.json]
[socialistics.com/wp-json/oembed/1.0/embed4ab9]
[socialistics.com/legal-tips-and-advice-for-agency-owners-with-ruth-carter/index.html]
[socialistics.com/privacy-policy/index.html]
[www.buzzsprout.com/1232381/8614782-legal-tips-advice-for-agency-owners-with-ruth-cartere2e5.js]
[cdnjs.cloudflare.com/ajax/libs/OwlCarousel2/2.3.4/assets/owl.carousel.min.css]
[cdnjs.cloudflare.com/ajax/libs/OwlCarousel2/2.3.4/assets/owl.theme.default.min.css]
[connect.facebook.net/en_US/sdk.js]
[cdnjs.cloudflare.com/ajax/libs/OwlCarousel2/2.3.4/assets/owl.video.play.png]
[socialistics.com/wp-includes/js/mediaelement/mediaelementplayer-legacy.min08e1.css]
[socialistics.com/wp-includes/js/mediaelement/wp-mediaelement.min41a3.css]
[socialistics.com/wp-content/themes/Divi/core/admin/fonts/modules.svg]
[socialistics.com/wp-content/plugins/range-slider-for-gravity-form/includes/js/images/animated-overlay.html]
[socialistics.com/wp-content/plugins/range-slider-for-gravity-form/includes/js/images/ui-bg_highlight-soft_100_eeeeee_1x100.html]
[socialistics.com/wp-content/plugins/range-slider-for-gravity-form/includes/js/images/ui-bg_gloss-wave_35_f6a828_500x100.html]
[socialistics.com/wp-content/plugins/range-slider-for-gravity-form/includes/js/images/ui-bg_glass_100_f6f6f6_1x400.html]
[socialistics.com/wp-content/plugins/range-slider-for-gravity-form/includes/js/images/ui-bg_glass_100_fdf5ce_1x400.html]
[socialistics.com/wp-content/plugins/range-slider-for-gravity-form/includes/js/images/ui-bg_glass_65_ffffff_1x400.html]
[socialistics.com/wp-content/plugins/range-slider-for-gravity-form/includes/js/images/ui-bg_highlight-soft_75_ffe45c_1x100.html]
[socialistics.com/wp-content/plugins/range-slider-for-gravity-form/includes/js/images/ui-bg_diagonals-thick_18_b81900_40x40.html]
[socialistics.com/wp-content/plugins/range-slider-for-gravity-form/includes/js/images/ui-icons_222222_256x240.html]
[socialistics.com/wp-content/plugins/range-slider-for-gravity-form/includes/js/images/ui-icons_ffffff_256x240.html]
[socialistics.com/wp-content/plugins/range-slider-for-gravity-form/includes/js/images/ui-icons_ef8c08_256x240.html]
[socialistics.com/wp-content/plugins/range-slider-for-gravity-form/includes/js/images/ui-icons_228ef1_256x240.html]
[socialistics.com/wp-content/plugins/range-slider-for-gravity-form/includes/js/images/ui-icons_ffd27a_256x240.html]
[socialistics.com/wp-content/plugins/range-slider-for-gravity-form/includes/js/images/ui-bg_diagonals-thick_20_666666_40x40.html]
[socialistics.com/wp-content/plugins/range-slider-for-gravity-form/includes/js/images/ui-bg_flat_10_000000_40x100.html]
[socialistics.com/wp-includes/js/mediaelement/mejs-controls.svg]
[socialistics.com/wp-json/wp/v2/posts/4357.json]
[socialistics.com/wp-json/oembed/1.0/embed3610.json]
[socialistics.com/wp-json/oembed/1.0/embed89bf]
[socialistics.com/wp-content/uploads/2020/05/image-34.jpg]
[socialistics.com/wp-content/uploads/2020/05/iStock-1046023150-1024x684.jpg]
[socialistics.com/b2b-instagram-strategies/index.html]
[socialistics.com/POST.html]
[socialistics.com/index2dc4.html]
[socialistics.com/b2b-social-media-2/index.html]
[socialistics.com/wp-content/uploads/2020/12/about.jpg]
[socialistics.com/wp-content/et-cache/13/et-core-unified-tb-19-tb-144-13-162767495263.min.css]
[socialistics.com/wp-content/et-cache/13/et-core-unified-13-162767495263.min.css]
[socialistics.com/index1213.html]
[socialistics.com/wp-content/et-cache/6008/et-core-unified-6008-162767889277.min.css]
[socialistics.com/wp-json/wp/v2/posts/7993.json]
[socialistics.com/wp-json/oembed/1.0/embed6496.json]
[socialistics.com/wp-json/oembed/1.0/embedbdb1]
[socialistics.com/wp-content/uploads/2021/06/cq9slnxv8yu.jpg]
[socialistics.com/wp-content/uploads/2021/06/Room-to-Grow.png]
[socialistics.com/socialistics-cares-room-to-grow/index.html]
[socialistics.com/wp-json/wp/v2/posts/7735.json]
[socialistics.com/wp-json/oembed/1.0/embedc7ec.json]
[socialistics.com/wp-json/oembed/1.0/embedadaa]
[socialistics.com/wp-content/uploads/2021/03/Blog-Picture-1.png]
[socialistics.com/socialistics-cares-resolve-the-national-infertility-association/index.html]
[socialistics.com/wp-json/wp/v2/posts/7542.json]
[socialistics.com/wp-json/oembed/1.0/embedebd0.json]
[socialistics.com/wp-json/oembed/1.0/embed853f]
[socialistics.com/wp-content/uploads/2021/02/DVS-scaled-1.jpg]
[socialistics.com/domestic-violence-services-of-snohomish-county/index.html]
[socialistics.com/wp-content/plugins/gravityforms/legacy/css/formreset.mined42.css]
[socialistics.com/wp-content/plugins/gravityforms/images/gf-creditcards.svg]
[socialistics.com/wp-content/plugins/gravityforms/images/gf-creditcards-check.svg]
[socialistics.com/wp-content/plugins/gravityforms/legacy/css/chosen-sprite.png]
[socialistics.com/wp-content/plugins/gravityforms/legacy/css/chosen-sprite@2x.png]
[socialistics.com/wp-content/plugins/gravityforms/legacy/css/formsmain.mined42.css]
[socialistics.com/wp-content/plugins/gravityforms/legacy/css/readyclass.mined42.css]
[socialistics.com/wp-content/plugins/gravityforms/legacy/css/browsers.mined42.css]
[socialistics.com/index6701.html]
[socialistics.com/wp-content/et-cache/5974/et-core-unified-5974-162767889277.min.css]
[socialistics.com/wp-json/wp/v2/pages/8015.json]
[socialistics.com/wp-json/oembed/1.0/embed2756.json]
[socialistics.com/wp-json/oembed/1.0/embed406e]
[socialistics.com/account-manager/index.html]
[socialistics.com/wp-content/et-cache/8015/et-core-unified-8015-162767894176.min.css]
[socialistics.com/wp-json/wp/v2/pages/6076.json]
[socialistics.com/wp-json/oembed/1.0/embed6a88.json]
[socialistics.com/wp-json/oembed/1.0/embed9376]
[socialistics.com/social-media-manager/index.html]
[socialistics.com/wp-content/et-cache/6076/et-core-unified-6076-162767894214.min.css]
[socialistics.com/wp-json/wp/v2/pages/7504.json]
[socialistics.com/wp-json/oembed/1.0/embedfa2f.json]
[socialistics.com/wp-json/oembed/1.0/embed2eeb]
[socialistics.com/paid-social-media-manager/index.html]
[socialistics.com/wp-content/et-cache/7504/et-core-unified-7504-162767894256.min.css]
[socialistics.com/wp-json/wp/v2/pages/7555.json]
[socialistics.com/wp-json/oembed/1.0/embedbf20.json]
[socialistics.com/wp-json/oembed/1.0/embedeeff]
[socialistics.com/social-media-content-coordinator/index.html]
[socialistics.com/index6caa.html]
[socialistics.com/wp-content/et-cache/7555/et-core-unified-7555-162767894388.min.css]
[socialistics.com/wp-content/uploads/2021/03/Social-Media-Guidelines.jpg]
[socialistics.com/wp-content/et-cache/7634/et-core-unified-tb-19-tb-144-7634-162767063625.min.css]
[socialistics.com/wp-content/et-cache/7634/et-core-unified-7634-162767063625.min.css]
[socialistics.com/index728e.html]
[socialistics.com/wp-content/uploads/2020/12/OurWork.jpg]
[socialistics.com/wp-content/et-cache/517/et-core-unified-tb-19-tb-144-517-162767021375.min.css]
[socialistics.com/wp-content/et-cache/517/et-core-unified-517-162767021375.min.css]
[socialistics.com/index5ff4.html]
[socialistics.com/wp-content/uploads/2020/12/Services3.jpg]
[socialistics.com/wp-content/et-cache/535/et-core-unified-tb-19-tb-144-535-162767256036.min.css]
[socialistics.com/wp-content/et-cache/535/et-core-unified-535-162767256036.min.css]
[socialistics.com/wp-content/uploads/2020/10/icon-7.svg]
[socialistics.com/indexf652.html]
[socialistics.com/wp-content/uploads/2020/10/jonathan-velasquez-c1ZN57GfDB0-unsplash-scaled.jpg]
[socialistics.com/wp-content/et-cache/562/et-core-unified-tb-19-tb-144-562-162767021393.min.css]
[socialistics.com/wp-content/et-cache/562/et-core-unified-562-162767021393.min.css]
[socialistics.com/wp-content/plugins/gravityforms/js/conditional_logic.mined42.js]
[socialistics.com/wp-json/wp/v2/pages/7725.json]
[socialistics.com/wp-json/oembed/1.0/embedaae8.json]
[socialistics.com/wp-json/oembed/1.0/embed34ed]
[socialistics.com/podcast-guest-questionnaire/index.html]
[socialistics.com/index4f61.html]
[socialistics.com/wp-content/et-cache/7725/et-core-unified-7725-162767895778.min.css]
[socialistics.com/wp-content/uploads/2020/10/domenico-loia-hGV2TfOh0ns-unsplash-scaled.jpg]
[socialistics.com/wp-content/et-cache/589/et-core-unified-tb-19-tb-144-589-162766964606.min.css]
[socialistics.com/wp-content/et-cache/589/et-core-unified-589-162766964606.min.css]
[socialistics.com/blog/“https_/s3.amazonaws.com/top-local-agencies/js/upcity_widget.html]
[socialistics.com/author/socialistics2/index.html]
[socialistics.com/wp-json/wp/v2/posts/7985.json]
[socialistics.com/wp-json/oembed/1.0/embed06a5.json]
[socialistics.com/wp-json/oembed/1.0/embedca5d]
[socialistics.com/wp-content/uploads/2021/05/image1.png]
[socialistics.com/how-to-use-social-media-for-recruiting/index.html]
[socialistics.com/author/ashleysocialistics-com/index.html]
[socialistics.com/wp-json/wp/v2/posts/8026.json]
[socialistics.com/wp-json/oembed/1.0/embed514b.json]
[socialistics.com/wp-json/oembed/1.0/embedee48]
[socialistics.com/alternative-ways-to-build-an-agency-with-elizabeth-pampalone/index.html]
[www.buzzsprout.com/1232381/8614736-alternative-ways-to-build-an-agency-with-elizabeth-pampalone56a3.js]
[socialistics.com/wp-json/wp/v2/posts/7987.json]
[socialistics.com/wp-json/oembed/1.0/embedea82.json]
[socialistics.com/wp-json/oembed/1.0/embedd29e]
[socialistics.com/wp-content/uploads/2021/05/Comm_SiteBug_Digital_Distinction.png]
[socialistics.com/communicator-awards-award-of-distinction/index.html]
[socialistics.com/author/joannasocialistics-com/index.html]
[socialistics.com/wp-json/wp/v2/posts/8003.json]
[socialistics.com/wp-json/oembed/1.0/embedc797.json]
[socialistics.com/wp-json/oembed/1.0/embed0862]
[socialistics.com/agency-stories-wayne-mullins-from-ugly-mug-marketing/index.html]
[socialistics.com/author/kaylasocialistics-com/index.html]
[www.buzzsprout.com/1232381/8479020-agency-stories-wayne-mullins-from-ugly-mug-marketing4d25.js]
[socialistics.com/wp-json/wp/v2/posts/7879.json]
[socialistics.com/wp-json/oembed/1.0/embed5cf7.json]
[socialistics.com/wp-json/oembed/1.0/embed58f8]
[socialistics.com/how-to-build-a-scaleable-culture-rich-virtual-agency-team/index.html]
[www.buzzsprout.com/1232381/8330272-how-to-build-a-scaleable-culture-rich-virtual-agency-team6cf7.js]
[socialistics.com/blog/page/2/“https_/s3.amazonaws.com/top-local-agencies/js/upcity_widget.js”]
[socialistics.com/wp-content/uploads/2021/05/UpCity-Local-Excellence-1080x675.png]
[socialistics.com/socialistics-announced-as-a-2021-local-excellence-award-winner-by-upcity/index.html]
[socialistics.com/wp-content/uploads/2021/05/episode_28_banner.jpg]
[socialistics.com/wp-content/uploads/2021/05/ra4vjwxnvao-1080x675.jpg]
[socialistics.com/inside-the-world-of-agency-sales/index.html]
[socialistics.com/wp-content/uploads/2019/11/image-43.png]
[socialistics.com/wp-content/uploads/2021/04/The-Incredible-Journey-Of-A-19-Year-Old-Agency-Owner-3.png]
[socialistics.com/social-media-marketing-cost/index.html]
[socialistics.com/what-the-ios-privacy-update-really-means/index.html]
[socialistics.com/wp-content/uploads/2021/04/twx_ho-328k-1080x675.jpg]
[socialistics.com/how-to-up-your-agencys-sales-game/index.html]
[socialistics.com/8-facebook-statistics-every-business-owner-needs-to-know-in-2021/index.html]
[socialistics.com/wp-content/uploads/2021/04/The-Incredible-Journey-Of-A-19-Year-Old-Agency-Owner-2.png]
[socialistics.com/wp-content/uploads/2021/04/The-Incredible-Journey-Of-A-19-Year-Old-Agency-Owner-1.png]
[socialistics.com/blog/page/2/indexf83b.html]
[socialistics.com/what-is-social-selling-and-how-to-use-it-effectively/index.html]
[socialistics.com/blog/page/3/indexf83b.html]
[socialistics.com/how-to-integrate-social-selling-into-your-agency/index.html]
[socialistics.com/wp-json/wp/v2/categories/29.json]
[socialistics.com/wp-content/et-cache/19/et-core-unified-cpt-19-162767541094.min.css]
[socialistics.com/category/agency-tips/feed/index.html]
[socialistics.com/wp-content/et-cache/6328/et-core-unified-cpt-6328-162767541094.min.css]
[socialistics.com/blog/indexf83b.html]
[socialistics.com/wp-content/et-cache/144/et-core-unified-cpt-144-162767541094.min.css]
[socialistics.com/wp-content/uploads/2021/02/9batp4ovw2i-1080x675.jpg]
[socialistics.com/wp-content/uploads/2021/02/image1-1080x675.png]
[socialistics.com/stop-paying-agencies-to-tell-you-what-they-are-going-to-do/index.html]
[socialistics.com/wp-content/uploads/2021/02/question-1080x675.jpg]
[socialistics.com/if-youre-not-investing-in-social-media-youre-missing-out/index.html]
[socialistics.com/wp-content/uploads/2021/02/wawefydpkag-1080x675.jpg]
[socialistics.com/if-youre-asking-for-industry-experience-youre-asking-the-wrong-question/index.html]
[socialistics.com/wp-content/uploads/2021/01/image-3.jpg]
[socialistics.com/category/agency-tips/index.html]
[socialistics.com/the-difference-between-hiring-an-agency-vs-employee/index.html]
[socialistics.com/wp-json/wp/v2/categories/17.json]
[socialistics.com/category/analytics/feed/index.html]
[socialistics.com/5-benefits-of-working-with-a-virtual-agency/index.html]
[socialistics.com/wp-content/uploads/2020/03/image-38.png]
[socialistics.com/category/analytics/index.html]
[socialistics.com/wp-json/wp/v2/categories/9.json]
[socialistics.com/10-social-media-metrics-to-track-and-how-to-do-it/index.html]
[socialistics.com/category/branding/feed/index.html]
[socialistics.com/wp-content/uploads/2020/05/image-31.jpg]
[socialistics.com/wp-content/uploads/2018/01/image-52.jpg]
[socialistics.com/how-to-use-linkedin-for-b2b-marketing/index.html]
[socialistics.com/wp-content/uploads/2017/10/image-55.jpg]
[socialistics.com/category/branding/index.html]
[socialistics.com/how-fear-can-kill-brand-innovation/index.html]
[socialistics.com/wp-json/wp/v2/categories/12.json]
[socialistics.com/category/career/feed/index.html]
[socialistics.com/wp-content/uploads/2019/07/image-45.jpg]
[socialistics.com/brand-face-off-why-spokespeople-are-risky/index.html]
[socialistics.com/wp-content/uploads/2018/11/image-49.jpg]
[socialistics.com/wp-content/uploads/2018/10/image-50.jpg]
[socialistics.com/category/career/index.html]
[socialistics.com/marketing-jobs/index.html]
[socialistics.com/7-must-learn-skills-for-new-or-up-and-coming-marketing-pros/index.html]
[socialistics.com/5-things-you-can-do-in-1-hour-to-improve-your-linkedin-profile/index.html]
[socialistics.com/wp-json/wp/v2/categories/15.json]
[socialistics.com/wp-content/uploads/2021/03/bwki71ap-y8-1080x675.jpg]
[socialistics.com/category/case-study/feed/index.html]
[socialistics.com/wp-content/uploads/2020/12/image-7.jpg]
[socialistics.com/wp-content/uploads/2020/10/image-11.jpg]
[socialistics.com/social-media-recruiting/index.html]
[socialistics.com/wp-content/uploads/2020/07/image-27.jpg]
[socialistics.com/habitat-for-humanity-using-social-to-raise-money-awareness/index.html]
[socialistics.com/wp-content/uploads/2020/06/image-28.jpg]
[socialistics.com/going-hollywood-how-we-built-buzz-excitement-an-independent-film/index.html]
[socialistics.com/wp-content/uploads/2020/05/image-30.jpg]
[socialistics.com/seattle-collaborative-law-center/index.html]
[socialistics.com/wp-content/uploads/2020/05/image-32.png]
[socialistics.com/taking-off-social-media-excellence-for-the-air-force/index.html]
[socialistics.com/wp-content/uploads/2020/02/image-42.jpg]
[socialistics.com/category/case-study/index.html]
[socialistics.com/a-seasonal-business-case-study-jims-pool-supply/index.html]
[socialistics.com/how-we-increased-everhome-health-cares-brand-web-traffic/index.html]
[socialistics.com/wp-json/wp/v2/categories/13.json]
[socialistics.com/wp-content/uploads/2021/03/photo-1555421689-d68471e189f2-1080x675.jpg]
[socialistics.com/how-we-grew-trupanions-veterinary-social-media-community/index.html]
[socialistics.com/category/facebook/feed/index.html]
[socialistics.com/wp-content/uploads/2021/01/social-sales-1-1080x675.jpg]
[socialistics.com/how-the-ios14-update-can-affect-your-facebook-ads/index.html]
[socialistics.com/wp-content/uploads/2021/01/image-2.jpg]
[socialistics.com/wp-content/uploads/2020/05/image-33.jpg]
[socialistics.com/wp-content/uploads/2020/02/image-39.png]
[socialistics.com/why-ecommerce-facebook-ads-are-the-way-to-go/index.html]
[socialistics.com/why-you-might-want-to-consider-a-facebook-ads-expert/index.html]
[socialistics.com/wp-content/uploads/2019/05/image-48.jpg]
[socialistics.com/category/facebook/index.html]
[socialistics.com/how-to-set-up-your-business-with-facebook-business-manager/index.html]
[socialistics.com/wp-json/wp/v2/categories/28.json]
[socialistics.com/5-expert-social-media-tips/index.html]
[socialistics.com/category/influencer/index.html]
[socialistics.com/facebook-for-small-business-owners-5-great-tips/index.html]
[socialistics.com/category/influencer/feed/index.html]
[socialistics.com/category/instagram/index.html]
[socialistics.com/wp-json/wp/v2/categories/19.json]
[socialistics.com/wp-content/uploads/2017/12/image-53.jpg]
[socialistics.com/category/linkedin/index.html]
[socialistics.com/category/linkedin/feed/index.html]
[socialistics.com/linkedin-profile-bootcamp-5-improvements-in-60-minutes/index.html]
[socialistics.com/category/marketing/feed/index.html]
[socialistics.com/wp-json/wp/v2/categories/8.json]
[socialistics.com/wp-content/uploads/2019/11/image-44.jpg]
[socialistics.com/wp-content/uploads/2017/11/image-54.jpg]
[socialistics.com/category/marketing/index.html]
[socialistics.com/marketing-agency/index.html]
[socialistics.com/wp-json/wp/v2/categories/23.json]
[socialistics.com/wp-content/uploads/2020/10/image-13.jpg]
[socialistics.com/category/paid-ads/index.html]
[socialistics.com/pokemon-go-marketing-for-local-businesses/index.html]
[socialistics.com/category/paid-ads/feed/index.html]
[socialistics.com/category/podcast/index.html]
[socialistics.com/wp-json/wp/v2/categories/24.json]
[socialistics.com/why-a-paid-social-budget-is-necessary/index.html]
[socialistics.com/category/podcast/page/2/indexf83b.html]
[socialistics.com/category/podcast/feed/index.html]
[socialistics.com/wp-json/wp/v2/categories/27.json]
[socialistics.com/category/socialistics-cares/feed/index.html]
[socialistics.com/wp-content/uploads/2021/02/954396_Socialistics-Cares-NKH_012521.jpg]
[socialistics.com/wp-content/uploads/2020/12/image-6.png]
[socialistics.com/socialistics-cares-no-kid-hungry/index.html]
[socialistics.com/wp-content/uploads/2020/11/image-10.png]
[socialistics.com/socialistics-cares-make-a-wish-alaska-washington/index.html]
[socialistics.com/wp-content/uploads/2018/05/image-51.jpg]
[socialistics.com/category/socialistics-cares/index.html]
[socialistics.com/socialistics-the-miracle-league/index.html]
[socialistics.com/socialistics-cares-the-american-foundation-for-suicide-prevention/index.html]
[socialistics.com/wp-json/wp/v2/categories/14.json]
[socialistics.com/wp-content/uploads/2021/03/Screen-Shot-2021-03-02-at-3.26.51-PM-1-1080x675.png]
[socialistics.com/wp-content/uploads/2021/01/image-1.png]
[socialistics.com/category/social-media/feed/index.html]
[socialistics.com/wp-content/uploads/2020/11/image-9.jpg]
[socialistics.com/how-to-generate-social-media-content-ideas/index.html]
[socialistics.com/wp-content/uploads/2020/10/image-12.jpg]
[socialistics.com/category/social-media/index.html]
[socialistics.com/how-often-should-you-post-on-social-media/index.html]
[socialistics.com/social-media-agency-vs-hiring-an-employee/index.html]
[socialistics.com/why-you-should-choose-a-social-media-agency-vs-a-general-one/index.html]
[socialistics.com/socialistics-announced-as-a-top-seattle-social-media-agency-by-upcity/index.html]
[socialistics.com/wp-json/wp/v2/categories/16.json]
[socialistics.com/category/social-media/page/2/indexf83b.html]
[socialistics.com/category/trends/feed/index.html]
[socialistics.com/wp-content/uploads/2020/06/image-29.jpg]
[socialistics.com/wp-content/uploads/2020/03/image-37.jpg]
[socialistics.com/why-you-shouldnt-sign-a-long-term-marketing-contract/index.html]
[socialistics.com/wp-content/uploads/2020/02/image-41.png]
[socialistics.com/category/trends/index.html]
[socialistics.com/7-social-media-marketing-trends-for-2020/index.html]
[socialistics.com/wp-json/wp/v2/categories/1.json]
[socialistics.com/2020-trend-spotting-direct-and-personalized-social-media-ads/index.html]
[socialistics.com/category/uncategorized/feed/index.html]
[socialistics.com/wp-content/uploads/2019/07/image-46.jpg]
[socialistics.com/social-media-marketing-agency/index.html]
[socialistics.com/wp-content/uploads/2019/05/image-47.jpg]
[socialistics.com/category/uncategorized/index.html]
[socialistics.com/index3a9f.html]
[socialistics.com/wp-content/uploads/2020/10/marco-bicca-NSfl-h1nBP4-unsplash.jpg]
[socialistics.com/wp-content/et-cache/7903/et-core-unified-tb-19-tb-144-7903-162766956233.min.css]
[socialistics.com/wp-content/et-cache/7903/et-core-unified-7903-162766956233.min.css]
[socialistics.com/indexc800.html]
[socialistics.com/wp-content/et-cache/5549/et-core-unified-tb-19-tb-144-5549-162767021414.min.css]
[socialistics.com/wp-content/et-cache/5549/et-core-unified-5549-162767021414.min.css]
[socialistics.com/indexfe7e.html]
[socialistics.com/wp-content/et-cache/5542/et-core-unified-tb-19-tb-144-5542-162767021418.min.css]
[socialistics.com/wp-content/et-cache/5542/et-core-unified-5542-162767021418.min.css]
[socialistics.com/index8985.html]
[socialistics.com/wp-content/et-cache/5942/et-core-unified-5942-162767890014.min.css]
[socialistics.com/index807f.html]
[socialistics.com/wp-content/et-cache/5946/et-core-unified-5946-16276789008.min.css]
[socialistics.com/index834c.html]
[socialistics.com/wp-content/et-cache/global/et-divi-customizer-global-162766963452.min.css]
[socialistics.com/indexdb3c.html]
[socialistics.com/index9a8c.html]
[socialistics.com/wp-includes/js/mediaelement/mejs-controls.svg]
[socialistics.com/index1185.html]
[socialistics.com/social-media-agency-7-reasons-why-its-the-right-call/index.html]
[socialistics.com/wp-json/wp/v2/posts/4131.json]
[socialistics.com/wp-json/oembed/1.0/embedf2cb.json]
[socialistics.com/wp-json/oembed/1.0/embed0ffb]
[socialistics.com/wp-content/uploads/2020/03/image-36.jpg]
[socialistics.com/b2b-social-media-2/index.html]
[socialistics.com/contact-us/index.html]
[socialistics.com/index0e44.html]
[socialistics.com/index4dfc.html]
[socialistics.com/author/jasonsocialistics-com/index.html]
[socialistics.com/index3bb7.html]
[socialistics.com/wp-content/plugins/gravityforms/images/gf-creditcards.svg]
[socialistics.com/wp-content/plugins/gravityforms/images/gf-creditcards-check.svg]
[socialistics.com/index1a8f.html]
[socialistics.com/wp-content/et-cache/8015/et-core-unified-8015-162767894176.min.css]
[socialistics.com/index2ffd.html]
[socialistics.com/wp-content/et-cache/6076/et-core-unified-6076-162767894214.min.css]
[socialistics.com/indexd7de.html]
[socialistics.com/wp-content/et-cache/7504/et-core-unified-7504-162767894256.min.css]
[socialistics.com/index610c.html]
[socialistics.com/wp-content/et-cache/7555/et-core-unified-7555-162767894388.min.css]
[socialistics.com/indexf18a.html]
[socialistics.com/wp-content/et-cache/7725/et-core-unified-7725-162767895778.min.css]
[socialistics.com/indexf7cf.html]
[socialistics.com/index3d1a.html]
[socialistics.com/index8cd7.html]
[socialistics.com/index9a58.html]
[socialistics.com/index12b9.html]
[socialistics.com/blog/page/2/“https_/s3.amazonaws.com/top-local-agencies/js/upcity_widget.html]
[socialistics.com/wp-json/wp/v2/posts/7969.json]
[socialistics.com/wp-json/oembed/1.0/embed0f3f.json]
[socialistics.com/wp-json/oembed/1.0/embedb5a4]
[socialistics.com/wp-content/uploads/2021/05/UpCity-Local-Excellence.png]
[socialistics.com/socialistics-announced-as-a-2021-local-excellence-award-winner-by-upcity/index.html]
[socialistics.com/wp-json/wp/v2/posts/7967.json]
[socialistics.com/wp-json/oembed/1.0/embed3299.json]
[socialistics.com/wp-json/oembed/1.0/embed08c8]
[socialistics.com/inside-the-world-of-agency-sales/index.html]
[www.buzzsprout.com/1232381/8478805-inside-the-world-of-agency-salesc8aa.js]
[socialistics.com/wp-json/wp/v2/posts/7974.json]
[socialistics.com/wp-json/oembed/1.0/embedf2b9.json]
[socialistics.com/wp-json/oembed/1.0/embed3f50]
[socialistics.com/wp-content/uploads/2021/05/ra4vjwxnvao.jpg]
[socialistics.com/wp-content/uploads/2021/05/CleanShot-2021-05-12-at-13.17.32@2x.png]
[socialistics.com/wp-content/uploads/2021/05/CleanShot-2021-05-12-at-13.17.45@2x.png]
[socialistics.com/wp-content/uploads/2021/05/CleanShot-2021-05-12-at-13.17.58@2x.png]
[socialistics.com/wp-content/uploads/2021/05/CleanShot-2021-05-12-at-13.18.09@2x.png]
[socialistics.com/wp-content/uploads/2021/05/CleanShot-2021-05-12-at-13.18.19@2x.png]
[socialistics.com/what-the-ios-privacy-update-really-means/index.html]
[socialistics.com/wp-json/wp/v2/posts/3183.json]
[socialistics.com/wp-json/oembed/1.0/embedc50b.json]
[socialistics.com/social-media-marketing-cost/index.html]
[socialistics.com/wp-json/oembed/1.0/embed6c0b]
[socialistics.com/wp-json/wp/v2/posts/7877.json]
[socialistics.com/wp-json/oembed/1.0/embed53d1.json]
[socialistics.com/wp-json/oembed/1.0/embed25f6]
[socialistics.com/how-to-up-your-agencys-sales-game/index.html]
[www.buzzsprout.com/1232381/8330243-how-to-up-your-agency-s-sales-game697a.js]
[socialistics.com/wp-json/wp/v2/posts/7883.json]
[socialistics.com/wp-json/oembed/1.0/embed7c4f.json]
[socialistics.com/wp-json/oembed/1.0/embedaee2]
[socialistics.com/wp-content/uploads/2021/04/twx_ho-328k.jpg]
[socialistics.com/8-facebook-statistics-every-business-owner-needs-to-know-in-2021/index.html]
[socialistics.com/wp-json/oembed/1.0/embed2006.json]
[socialistics.com/wp-json/wp/v2/posts/7833.json]
[socialistics.com/wp-json/oembed/1.0/embed3253]
[socialistics.com/what-is-social-selling-and-how-to-use-it-effectively/index.html]
[www.buzzsprout.com/1232381/8330222-what-is-social-selling-and-how-to-use-it-effectivelyda2e.js]
[socialistics.com/wp-json/wp/v2/posts/7785.json]
[socialistics.com/wp-json/oembed/1.0/embed0d35.json]
[socialistics.com/wp-json/oembed/1.0/embedb158]
[socialistics.com/how-to-integrate-social-selling-into-your-agency/index.html]
[www.buzzsprout.com/1232381/8247891-how-to-integrate-social-selling-into-your-agency5d75.js]
[socialistics.com/blog/page/3/“https_/s3.amazonaws.com/top-local-agencies/js/upcity_widget.js”]
[socialistics.com/wp-content/uploads/2021/02/bob.jpg]
[socialistics.com/blog/page/3/indexf83b.html]
[socialistics.com/blog/indexf83b.html]
[socialistics.com/wp-content/et-cache/19/et-core-unified-cpt-19-162767541094.min.css]
[socialistics.com/wp-content/et-cache/6328/et-core-unified-cpt-6328-162767541094.min.css]
[socialistics.com/wp-content/et-cache/144/et-core-unified-cpt-144-162767541094.min.css]
[socialistics.com/wp-json/wp/v2/posts/7494.json]
[socialistics.com/how-to-leverage-public-speaking-for-your-agency-your-personal-brand/index.html]
[socialistics.com/blog/page/4/indexf83b.html]
[socialistics.com/wp-json/oembed/1.0/embed4d7d.json]
[socialistics.com/wp-json/oembed/1.0/embed1cad]
[socialistics.com/wp-content/uploads/2021/02/9batp4ovw2i-scaled.jpg]
[socialistics.com/stop-paying-agencies-to-tell-you-what-they-are-going-to-do/index.html]
[socialistics.com/wp-json/wp/v2/posts/7476.json]
[socialistics.com/wp-json/oembed/1.0/embedde80.json]
[socialistics.com/wp-json/oembed/1.0/embedadc7]
[socialistics.com/wp-content/uploads/2021/02/image1.png]
[socialistics.com/if-youre-not-investing-in-social-media-youre-missing-out/index.html]
[socialistics.com/wp-json/wp/v2/posts/7483.json]
[socialistics.com/wp-json/oembed/1.0/embed4120.json]
[socialistics.com/wp-json/oembed/1.0/embedef46]
[socialistics.com/wp-content/uploads/2021/02/question.jpg]
[socialistics.com/if-youre-asking-for-industry-experience-youre-asking-the-wrong-question/index.html]
[socialistics.com/wp-json/wp/v2/posts/6926.json]
[socialistics.com/wp-json/oembed/1.0/embedc829.json]
[socialistics.com/wp-json/oembed/1.0/embed3277]
[socialistics.com/wp-content/uploads/2021/02/wawefydpkag-scaled.jpg]
[socialistics.com/the-difference-between-hiring-an-agency-vs-employee/index.html]
[socialistics.com/wp-json/wp/v2/posts/5300.json]
[socialistics.com/wp-json/oembed/1.0/embeddfa1.json]
[socialistics.com/5-benefits-of-working-with-a-virtual-agency/index.html]
[socialistics.com/wp-json/oembed/1.0/embed037d]
[socialistics.com/wp-json/wp/v2/posts/4002.json]
[socialistics.com/wp-json/oembed/1.0/embed1493.json]
[socialistics.com/10-social-media-metrics-to-track-and-how-to-do-it/index.html]
[socialistics.com/wp-json/oembed/1.0/embed8034]
[socialistics.com/wp-json/wp/v2/posts/4431.json]
[socialistics.com/wp-json/oembed/1.0/embed824b.json]
[socialistics.com/how-to-use-linkedin-for-b2b-marketing/index.html]
[socialistics.com/wp-json/oembed/1.0/embed2476]
[socialistics.com/wp-json/wp/v2/posts/2959.json]
[socialistics.com/b2b-social-media/index.html]
[socialistics.com/wp-json/oembed/1.0/embedea1f.json]
[socialistics.com/how-fear-can-kill-brand-innovation/index.html]
[socialistics.com/wp-json/oembed/1.0/embed1684]
[socialistics.com/wp-json/wp/v2/posts/2955.json]
[socialistics.com/wp-json/oembed/1.0/embedb86c.json]
[socialistics.com/wp-json/oembed/1.0/embed8e58]
[img.buzzfeed.com/buzzfeed-static/static/enhanced/webdr03/2013/1/8/12/enhanced-buzz-30925-1357667439-0.jpg]
[socialistics.com/brand-face-off-why-spokespeople-are-risky/index.html]
[socialistics.com/wp-json/wp/v2/posts/3144.json]
[socialistics.com/wp-json/oembed/1.0/embed4434.json]
[socialistics.com/wp-json/oembed/1.0/embedb129]
[i0.wp.com/www.jasonyormark.com/wp-content/uploads/2019/07/Screen-Shot-2019-07-23-at-8.41.58-AM4b04.png]
[i1.wp.com/www.jasonyormark.com/wp-content/uploads/2019/07/Screen-Shot-2019-07-04-at-10.06.36-AM-1024x86267c8.png]
[i1.wp.com/www.jasonyormark.com/wp-content/uploads/2019/07/Screen-Shot-2019-07-10-at-11.06.43-AM5202.png]
[i1.wp.com/www.jasonyormark.com/wp-content/uploads/2019/07/Screen-Shot-2019-07-23-at-8.44.43-AMd623.png]
[i2.wp.com/www.jasonyormark.com/wp-content/uploads/2019/07/Screen-Shot-2019-07-23-at-8.42.30-AM4b04.png]
[socialistics.com/marketing-jobs/index.html]
[socialistics.com/wp-json/wp/v2/posts/3048.json]
[socialistics.com/wp-json/oembed/1.0/embedb148.json]
[socialistics.com/5-things-you-can-do-in-1-hour-to-improve-your-linkedin-profile/index.html]
[socialistics.com/wp-json/oembed/1.0/embede19d]
[socialistics.com/wp-json/wp/v2/posts/3046.json]
[socialistics.com/wp-json/oembed/1.0/embed9af9.json]
[socialistics.com/7-must-learn-skills-for-new-or-up-and-coming-marketing-pros/index.html]
[socialistics.com/wp-json/oembed/1.0/embed21d8]
[socialistics.com/wp-json/wp/v2/posts/7526.json]
[socialistics.com/wp-json/oembed/1.0/embedccd6.json]
[socialistics.com/wp-json/oembed/1.0/embed4cdd]
[socialistics.com/wp-content/uploads/2021/03/bwki71ap-y8.jpg]
[socialistics.com/wp-content/uploads/2021/02/image-1-300x181.png]
[socialistics.com/wp-content/uploads/2021/02/image-2-300x180.png]
[socialistics.com/social-media-recruiting/index.html]
[socialistics.com/author/heathersocialistics-com/index.html]
[socialistics.com/wp-json/wp/v2/posts/6931.json]
[socialistics.com/wp-json/oembed/1.0/embed7bf7.json]
[socialistics.com/wp-json/oembed/1.0/embed40d5]
[socialistics.com/wp-content/uploads/2020/11/image-2-1.png]
[socialistics.com/wp-content/uploads/2020/11/image-3.png]
[socialistics.com/wp-content/uploads/2020/11/image-1-1024x394.png]
[socialistics.com/wp-content/uploads/2020/11/image-2-1024x353.png]
[socialistics.com/habitat-for-humanity-using-social-to-raise-money-awareness/index.html]
[socialistics.com/wp-json/wp/v2/posts/5263.json]
[socialistics.com/wp-json/oembed/1.0/embedb393.json]
[socialistics.com/wp-json/oembed/1.0/embed8055]
[socialistics.com/wp-content/uploads/2020/10/image-3.png]
[socialistics.com/wp-content/uploads/2020/10/image-1024x515.png]
[socialistics.com/wp-content/uploads/2020/10/image-1-1024x595.png]
[socialistics.com/going-hollywood-how-we-built-buzz-excitement-an-independent-film/index.html]
[socialistics.com/wp-json/wp/v2/posts/4958.json]
[socialistics.com/wp-json/oembed/1.0/embedb4a8.json]
[socialistics.com/wp-json/oembed/1.0/embedbc3d]
[socialistics.com/wp-content/uploads/2020/07/image-1024x485.png]
[socialistics.com/wp-content/uploads/2020/07/image-1-1024x373.png]
[socialistics.com/wp-content/uploads/2020/07/image-2-1024x471.png]
[socialistics.com/wp-content/uploads/2020/07/image-3-1024x358.png]
[socialistics.com/wp-content/uploads/2020/07/image-4-1024x729.png]
[socialistics.com/wp-content/uploads/2020/07/image-5-996x1024.png]
[socialistics.com/seattle-collaborative-law-center/index.html]
[socialistics.com/wp-json/wp/v2/posts/4666.json]
[socialistics.com/wp-json/oembed/1.0/embed8e72.json]
[socialistics.com/wp-json/oembed/1.0/embeda23a]
[socialistics.com/wp-content/uploads/2020/06/image-4-1024x659.png]
[socialistics.com/wp-content/uploads/2020/06/image-1-1024x356.png]
[socialistics.com/wp-content/uploads/2020/06/image-2-1024x356.png]
[socialistics.com/wp-content/uploads/2020/06/image-1024x320.png]
[socialistics.com/wp-content/uploads/2020/06/image-3-1024x356.png]
[socialistics.com/taking-off-social-media-excellence-for-the-air-force/index.html]
[socialistics.com/wp-json/wp/v2/posts/4488.json]
[socialistics.com/wp-json/oembed/1.0/embedd4d6.json]
[socialistics.com/wp-json/oembed/1.0/embed0eea]
[socialistics.com/wp-content/uploads/2020/06/CleanShot-2020-06-16-at-13.25.00@2x-2.png]
[socialistics.com/wp-content/uploads/2020/05/image-13.png]
[socialistics.com/wp-content/uploads/2020/05/image-15.png]
[socialistics.com/wp-content/uploads/2020/05/image-16.png]
[socialistics.com/wp-content/uploads/2020/05/image-17.png]
[socialistics.com/a-seasonal-business-case-study-jims-pool-supply/index.html]
[socialistics.com/wp-json/wp/v2/posts/4416.json]
[socialistics.com/wp-json/oembed/1.0/embedc453.json]
[socialistics.com/wp-json/oembed/1.0/embed16f0]
[socialistics.com/wp-content/uploads/2020/05/Screen-Shot-2020-05-19-at-6.38.20-AM-1024x483.png]
[socialistics.com/wp-content/uploads/2020/05/Screen-Shot-2020-05-19-at-6.37.39-AM-1024x482.png]
[socialistics.com/wp-content/uploads/2020/05/Screen-Shot-2020-05-19-at-6.36.56-AM-1024x488.png]
[socialistics.com/how-we-increased-everhome-health-cares-brand-web-traffic/index.html]
[socialistics.com/wp-json/wp/v2/posts/3984.json]
[socialistics.com/wp-json/oembed/1.0/embed25ec.json]
[socialistics.com/wp-json/oembed/1.0/embed94a9]
[socialistics.com/wp-content/uploads/2020/02/Screen-Shot-2020-01-28-at-2.22.13-pm-1024x902.png]
[www.socialistics.com/wp-content/uploads/2020/01/Screen-Shot-2020-01-27-at-12.43.31-PM-1024x535.png]
[www.socialistics.com/wp-content/uploads/2020/01/Screen-Shot-2020-01-27-at-12.43.44-PM-1024x835.png]
[socialistics.com/how-we-grew-trupanions-veterinary-social-media-community/index.html]
[socialistics.com/wp-json/wp/v2/posts/7592.json]
[socialistics.com/wp-json/oembed/1.0/embed91d5.json]
[socialistics.com/wp-json/oembed/1.0/embedf8d8]
[socialistics.com/wp-content/uploads/2021/03/photo-1555421689-d68471e189f2.jpg]
[socialistics.com/how-the-ios14-update-can-affect-your-facebook-ads/index.html]
[socialistics.com/wp-json/wp/v2/posts/6925.json]
[socialistics.com/wp-json/oembed/1.0/embed40a5.json]
[socialistics.com/wp-json/oembed/1.0/embed453d]
[socialistics.com/wp-content/uploads/2021/01/social-sales-1.jpg]
[socialistics.com/why-ecommerce-facebook-ads-are-the-way-to-go/index.html]
[socialistics.com/wp-json/wp/v2/posts/5318.json]
[socialistics.com/wp-json/oembed/1.0/embedc9c7.json]
[socialistics.com/wp-json/oembed/1.0/embedf443]
[socialistics.com/why-you-might-want-to-consider-a-facebook-ads-expert/index.html]
[socialistics.com/wp-content/et-cache/5318/et-core-unified-5318-162767905788.min.css]
[socialistics.com/wp-json/wp/v2/posts/4441.json]
[socialistics.com/wp-json/oembed/1.0/embed233e.json]
[socialistics.com/wp-json/oembed/1.0/embed80b8]
[socialistics.com/wp-content/uploads/2020/05/image.png]
[socialistics.com/wp-content/uploads/2020/05/image-1.png]
[socialistics.com/wp-content/uploads/2020/05/image-2.png]
[socialistics.com/wp-content/uploads/2020/05/image-4.png]
[socialistics.com/wp-content/uploads/2020/05/image-6.png]
[socialistics.com/wp-content/uploads/2020/05/image-8.png]
[socialistics.com/wp-content/uploads/2020/05/image-10.png]
[socialistics.com/wp-content/uploads/2020/05/image-12.png]
[socialistics.com/how-to-set-up-your-business-with-facebook-business-manager/index.html]
[socialistics.com/wp-json/wp/v2/posts/4074.json]
[socialistics.com/wp-json/oembed/1.0/embed6816.json]
[socialistics.com/5-expert-social-media-tips/index.html]
[socialistics.com/wp-json/oembed/1.0/embed5a7f]
[socialistics.com/wp-json/wp/v2/posts/3080.json]
[socialistics.com/wp-json/oembed/1.0/embed029b.json]
[socialistics.com/facebook-for-small-business-owners-5-great-tips/index.html]
[socialistics.com/wp-content/uploads/2020/12/image-4.jpg]
[socialistics.com/wp-json/oembed/1.0/embed3e55]
[socialistics.com/category/instagram/feed/index.html]
[socialistics.com/influencer-social-media-agency-strategies-that-can-grow-your-brand/index.html]
[socialistics.com/wp-json/wp/v2/categories/10]
[socialistics.com/wp-json/wp/v2/posts/2957.json]
[socialistics.com/wp-json/oembed/1.0/embed6396.json]
[socialistics.com/linkedin-profile-bootcamp-5-improvements-in-60-minutes/index.html]
[socialistics.com/wp-json/oembed/1.0/embed6144]
[socialistics.com/wp-json/wp/v2/posts/3192.json]
[socialistics.com/wp-json/oembed/1.0/embedfc02.json]
[socialistics.com/marketing-agency/index.html]
[socialistics.com/wp-json/oembed/1.0/embed35c2]
[socialistics.com/wp-json/wp/v2/posts/2953.json]
[socialistics.com/wp-json/oembed/1.0/embed6cc2.json]
[socialistics.com/pokemon-go-marketing-for-local-businesses/index.html]
[socialistics.com/wp-json/oembed/1.0/embeda6ce]
[socialistics.com/wp-json/wp/v2/posts/5244.json]
[socialistics.com/wp-json/oembed/1.0/embed5592.json]
[socialistics.com/why-a-paid-social-budget-is-necessary/index.html]
[socialistics.com/wp-json/oembed/1.0/embedf0ea]
[socialistics.com/wp-content/uploads/2020/12/image-5.jpg]
[socialistics.com/wp-content/uploads/2020/11/image-8.jpg]
[socialistics.com/wp-content/uploads/2020/10/image-14.jpg]
[socialistics.com/talking-agency-shop-copy-copy/index.html]
[socialistics.com/wp-content/uploads/2020/09/image-15.jpg]
[socialistics.com/wp-content/uploads/2020/09/image-16.jpg]
[socialistics.com/talking-agency-shop-copy/index.html]
[socialistics.com/talking-agency-shop/index.html]
[socialistics.com/running-production-video-house/index.html]
[socialistics.com/wp-content/uploads/2020/09/image-17.jpg]
[socialistics.com/wp-content/uploads/2020/09/image-18.jpg]
[socialistics.com/social-media-pro-ashley-ohl/index.html]
[socialistics.com/wp-content/uploads/2020/08/image-19.jpg]
[socialistics.com/category/podcast/page/2/indexf83b.html]
[socialistics.com/upgrading-your-agency-reporting/index.html]
[socialistics.com/category/podcast/page/3/indexf83b.html]
[socialistics.com/the-power-of-saying-no/index.html]
[socialistics.com/hyke-revolutionizing-tax-management-for-agencies-with-ceo-hooman-radfar/index.html]
[socialistics.com/wp-json/wp/v2/posts/7438.json]
[socialistics.com/wp-json/oembed/1.0/embedb120.json]
[socialistics.com/category/podcast/indexf83b.html]
[socialistics.com/socialistics-cares-no-kid-hungry/index.html]
[socialistics.com/wp-json/oembed/1.0/embedfc7c]
[socialistics.com/wp-json/wp/v2/posts/5320.json]
[socialistics.com/wp-json/oembed/1.0/embed0f36.json]
[socialistics.com/socialistics-cares-make-a-wish-alaska-washington/index.html]
[socialistics.com/author/aubreysocialistics-com/index.html]
[socialistics.com/wp-json/oembed/1.0/embedebf7]
[socialistics.com/wp-json/wp/v2/posts/6929.json]
[socialistics.com/wp-json/oembed/1.0/embed288b.json]
[socialistics.com/wp-json/oembed/1.0/embed62ad]
[socialistics.com/wp-content/uploads/2020/11/image-933x1024.png]
[socialistics.com/socialistics-cares-the-american-foundation-for-suicide-prevention/index.html]
[socialistics.com/wp-json/wp/v2/posts/3013.json]
[socialistics.com/wp-json/oembed/1.0/embedc2a7.json]
[socialistics.com/socialistics-the-miracle-league/index.html]
[socialistics.com/wp-json/oembed/1.0/embede6c1]
[socialistics.com/wp-json/oembed/1.0/embed89a0.json]
[socialistics.com/wp-json/wp/v2/posts/7548.json]
[socialistics.com/wp-json/oembed/1.0/embed4dcd]
[socialistics.com/wp-content/uploads/2021/03/Screen-Shot-2021-03-02-at-3.26.51-PM-1.png]
[socialistics.com/socialistics-announced-as-a-top-seattle-social-media-agency-by-upcity/index.html]
[socialistics.com/wp-json/wp/v2/posts/5344.json]
[socialistics.com/wp-json/oembed/1.0/embeda6b8.json]
[socialistics.com/how-to-generate-social-media-content-ideas/index.html]
[socialistics.com/wp-json/oembed/1.0/embed8e7e]
[socialistics.com/wp-json/wp/v2/posts/6932.json]
[socialistics.com/wp-json/oembed/1.0/embedb31d.json]
[socialistics.com/wp-json/oembed/1.0/embed209e]
[blog.hubspot.com/hs-fs/hubfs/social-media-publishing-frequency02ec.jpg]
[socialistics.com/wp-content/uploads/2020/12/Picture1.png]
[socialistics.com/wp-content/uploads/2020/12/Picture2.png]
[blog.hubspot.com/hs-fs/hub/53/file-2430699843-png/00-Blog-Related_Images/FB_posts7971.png]
[socialistics.com/how-often-should-you-post-on-social-media/index.html]
[socialistics.com/wp-json/wp/v2/posts/6927.json]
[socialistics.com/wp-json/oembed/1.0/embed84b3.json]
[socialistics.com/wp-json/oembed/1.0/embed1a5f]
[mlkmqsz262vk.i.optimole.com/0WKpAqc-JWbGEwBZ/w_1170/h_1074/q_75/https_/www.socialistics.com/wp-content/uploads/2019/05/Screen-Shot-2019-05-30-at-4.05.26-PM.png]
[socialistics.com/social-media-agency-vs-hiring-an-employee/index.html]
[socialistics.com/wp-json/wp/v2/posts/5266.json]
[socialistics.com/wp-json/oembed/1.0/embed14e5.json]
[socialistics.com/why-you-should-choose-a-social-media-agency-vs-a-general-one/index.html]
[socialistics.com/wp-json/oembed/1.0/embedaf8d]
[socialistics.com/wp-content/uploads/2020/04/image-35.jpg]
[socialistics.com/wp-content/uploads/2020/02/image-40.jpg]
[socialistics.com/category/social-media/page/2/indexf83b.html]
[socialistics.com/social-media-marketing-during-a-pandemic/index.html]
[socialistics.com/wp-json/wp/v2/posts/4499.json]
[socialistics.com/wp-json/oembed/1.0/embed9008.json]
[socialistics.com/category/social-media/page/3/indexf83b.html]
[socialistics.com/why-you-shouldnt-sign-a-long-term-marketing-contract/index.html]
[socialistics.com/wp-json/oembed/1.0/embeda40c]
[socialistics.com/category/social-media/indexf83b.html]
[socialistics.com/wp-json/wp/v2/posts/4000.json]
[socialistics.com/wp-json/oembed/1.0/embed04b0.json]
[socialistics.com/7-social-media-marketing-trends-for-2020/index.html]
[socialistics.com/wp-json/oembed/1.0/embed9d6b]
[socialistics.com/wp-json/wp/v2/posts/3998.json]
[socialistics.com/wp-json/oembed/1.0/embed2561.json]
[socialistics.com/2020-trend-spotting-direct-and-personalized-social-media-ads/index.html]
[socialistics.com/wp-json/oembed/1.0/embed99c7]
[socialistics.com/wp-json/wp/v2/posts/3138.json]
[socialistics.com/wp-json/oembed/1.0/embed9ac1.json]
[socialistics.com/wp-json/oembed/1.0/embed4ede]
[www.socialistics.com/wp-content/uploads/2019/07/Picture1-1024x426.png]
[www.socialistics.com/wp-content/uploads/2019/07/Picture2.png]
[socialistics.com/social-media-marketing-agency/index.html]
[socialistics.com/wp-json/wp/v2/posts/3113.json]
[socialistics.com/wp-json/oembed/1.0/embed6902.json]
[socialistics.com/social-media-agency-7-reasons-why-its-the-right-call/index.html]
[diffuser-cdn.app-us1.com/diffuser/diffuser.js]
[sc.lfeeder.com/lftracker_v1_lAxoEaKyGVo7OYGd.js]
[snap.licdn.com/li.lms-analytics/insight.min.js]
[socialistics.com/indexa8ea.html]
[socialistics.com/indexf28f.html]
[socialistics.com/index6fad.html]
[socialistics.com/indexe226.html]
[socialistics.com/indexae92.html]
[socialistics.com/indexdf8a.html]
[socialistics.com/indexe861.html]
[socialistics.com/indexecc2.html]
[socialistics.com/index3dca.html]
[socialistics.com/blog/page/3/“https_/s3.amazonaws.com/top-local-agencies/js/upcity_widget.html]
[socialistics.com/wp-json/oembed/1.0/embed8bfc]
[socialistics.com/wp-content/uploads/2021/04/twx_ho-328k.jpg]
[socialistics.com/wp-json/wp/v2/posts/7479.json]
[socialistics.com/wp-json/oembed/1.0/embed38dc.json]
[socialistics.com/wp-json/oembed/1.0/embeda5d2]
[socialistics.com/how-to-leverage-public-speaking-for-your-agency-your-personal-brand/index.html]
[www.buzzsprout.com/1232381/7649716-how-to-leverage-public-speaking-for-your-agency-your-personal-branda4c4.js]
[socialistics.com/blog/page/4/“https_/s3.amazonaws.com/top-local-agencies/js/upcity_widget.js”]
[socialistics.com/blog/page/4/indexf83b.html]
[socialistics.com/index31f9.html]
[socialistics.com/indexbb05.html]
[socialistics.com/indexd570.html]
[socialistics.com/index3754.html]
[socialistics.com/indexbaf5.html]
[socialistics.com/indexa5c8.html]
[socialistics.com/index8ba8.html]
[socialistics.com/wp-json/wp/v2/posts/4029.json]
[socialistics.com/blog/page/5/indexf83b.html]
[socialistics.com/wp-json/oembed/1.0/embed80d4.json]
[socialistics.com/wp-json/oembed/1.0/embedeb69]
[socialistics.com/wp-content/uploads/2020/02/Screen-Shot-2020-02-14-at-6.05.31-AM-1024x381.png]
[socialistics.com/wp-content/uploads/2020/02/Screen-Shot-2020-02-14-at-12.41.58-PM-1024x785.png]
[socialistics.com/wp-content/uploads/2020/02/Screen-Shot-2020-02-14-at-12.55.25-PM-1024x691.png]
[socialistics.com/wp-content/uploads/2020/02/Screen-Shot-2020-02-13-at-5.19.26-PM-1024x618.png]
[socialistics.com/b2b-social-media/index.html]
[socialistics.com/indexa5fa.html]
[socialistics.com/indexa2c7.html]
[socialistics.com/index56a9.html]
[socialistics.com/indexd9e7.html]
[socialistics.com/index17f8.html]
[socialistics.com/indexeb7f.html]
[socialistics.com/index667c.html]
[socialistics.com/index92a5.html]
[socialistics.com/index2d4a.html]
[socialistics.com/index2d32.html]
[socialistics.com/index5879.html]
[socialistics.com/indexd8cf.html]
[socialistics.com/index1323.html]
[socialistics.com/indexba52.html]
[socialistics.com/indexc593.html]
[socialistics.com/indexc387.html]
[socialistics.com/wp-content/et-cache/5318/et-core-unified-5318-162767905788.min.css]
[socialistics.com/indexead3.html]
[socialistics.com/index9848.html]
[socialistics.com/indexc7a1.html]
[socialistics.com/wp-json/wp/v2/posts/6928.json]
[socialistics.com/wp-json/oembed/1.0/embeda366.json]
[socialistics.com/influencer-social-media-agency-strategies-that-can-grow-your-brand/index.html]
[socialistics.com/index1c66.html]
[socialistics.com/index89ee.html]
[socialistics.com/index5ed6.html]
[socialistics.com/index6744.html]
[socialistics.com/wp-json/oembed/1.0/embede5b0]
[socialistics.com/wp-json/wp/v2/posts/5309.json]
[socialistics.com/wp-json/oembed/1.0/embede314.json]
[socialistics.com/wp-json/oembed/1.0/embedfaf4]
[socialistics.com/talking-agency-shop-copy-copy/index.html]
[www.buzzsprout.com/1232381/6589516-why-being-a-month-to-month-agency-has-worked-for-us6dff.js]
[socialistics.com/wp-json/wp/v2/posts/6930.json]
[socialistics.com/wp-json/oembed/1.0/embed951e.json]
[socialistics.com/wp-json/oembed/1.0/embed88ca]
[socialistics.com/talking-agency-shop-copy/index.html]
[www.buzzsprout.com/1232381/6364024-confessions-of-a-paid-media-directoreba6.js]
[socialistics.com/wp-json/wp/v2/posts/5239.json]
[socialistics.com/wp-json/oembed/1.0/embed73f3.json]
[socialistics.com/wp-json/oembed/1.0/embedbf51]
[socialistics.com/talking-agency-shop/index.html]
[www.buzzsprout.com/1232381/5694628-talking-agency-shop-with-steve-brown-from-roi-onlinefefb.js]
[socialistics.com/wp-json/wp/v2/posts/5203.json]
[socialistics.com/wp-json/oembed/1.0/embed1a0c.json]
[socialistics.com/wp-json/oembed/1.0/embed24c9]
[socialistics.com/running-production-video-house/index.html]
[www.buzzsprout.com/1232381/5304805-the-art-science-of-running-a-successful-video-production-houseb181.js]
[socialistics.com/wp-json/wp/v2/posts/5218.json]
[socialistics.com/wp-json/oembed/1.0/embed3586.json]
[socialistics.com/wp-json/oembed/1.0/embed8c4f]
[socialistics.com/social-media-pro-ashley-ohl/index.html]
[www.buzzsprout.com/1232381/5490622-what-it-s-like-being-a-remote-social-media-pro-at-socialistics-with-ashley-ohl216e.js]
[socialistics.com/wp-json/wp/v2/posts/5200.json]
[socialistics.com/wp-json/oembed/1.0/embedffeb.json]
[socialistics.com/wp-json/oembed/1.0/embedc561]
[socialistics.com/upgrading-your-agency-reporting/index.html]
[www.buzzsprout.com/1232381/5304412-upgrading-your-agency-s-social-media-reporting-gamea914.js]
[socialistics.com/wp-json/wp/v2/posts/5174.json]
[socialistics.com/wp-json/oembed/1.0/embedfae7.json]
[socialistics.com/wp-json/oembed/1.0/embed7f91]
[socialistics.com/the-power-of-saying-no/index.html]
[www.buzzsprout.com/1232381/5310457-the-power-of-saying-no88a5.js]
[socialistics.com/wp-json/wp/v2/posts/5168.json]
[socialistics.com/wp-json/oembed/1.0/embed25e3.json]
[socialistics.com/wp-json/oembed/1.0/embed44c6]
[socialistics.com/hyke-revolutionizing-tax-management-for-agencies-with-ceo-hooman-radfar/index.html]
[www.buzzsprout.com/1232381/5188315-hyke-revolutionizing-tax-management-for-agencies-with-ceo-hooman-radfar1a9e.js]
[socialistics.com/wp-content/uploads/2020/08/image-20.jpg]
[socialistics.com/wp-content/uploads/2020/08/image-21.jpg]
[socialistics.com/liang-du/index.html]
[socialistics.com/website-agency-disruption/index.html]
[socialistics.com/bohemian-rhapsody/index.html]
[socialistics.com/wp-content/uploads/2020/08/image-22.jpg]
[socialistics.com/wp-content/uploads/2020/08/image-23.jpg]
[socialistics.com/wp-content/uploads/2020/07/iamge-24.jpg]
[socialistics.com/wp-content/uploads/2020/07/image-25.jpg]
[socialistics.com/pandemic-survival/index.html]
[socialistics.com/wp-content/uploads/2020/07/image-26.jpg]
[socialistics.com/category/podcast/page/3/indexf83b.html]
[socialistics.com/category/podcast/indexf83b.html]
[socialistics.com/indexed0a.html]
[socialistics.com/index8f1c.html]
[socialistics.com/index7006.html]
[socialistics.com/indexb5e2.html]
[socialistics.com/index4fe2.html]
[socialistics.com/indexfd25.html]
[socialistics.com/indexd3eb.html]
[socialistics.com/index48f1.html]
[socialistics.com/indexc595.html]
[socialistics.com/cleverly/index.html]
[socialistics.com/wp-json/wp/v2/posts/4309.json]
[socialistics.com/socialistics-podcast-first/index.html]
[socialistics.com/wp-json/oembed/1.0/embedf81a.json]
[socialistics.com/wp-json/oembed/1.0/embed794b]
[socialistics.com/wp-content/uploads/2020/04/Screen-Shot-2020-04-24-at-2.21.02-PM.png]
[socialistics.com/social-media-marketing-during-a-pandemic/index.html]
[socialistics.com/category/social-media/page/3/indexf83b.html]
[socialistics.com/category/social-media/indexf83b.html]
[socialistics.com/index4f89.html]
[socialistics.com/index854d.html]
[socialistics.com/indexe02c.html]
[socialistics.com/index6316.html]
[socialistics.com/indexdfc2.html]
[socialistics.com/index3234.html]
[socialistics.com/blog/page/4/“https_/s3.amazonaws.com/top-local-agencies/js/upcity_widget.html]
[socialistics.com/blog/page/5/“https_/s3.amazonaws.com/top-local-agencies/js/upcity_widget.js”]
[socialistics.com/blog/page/5/indexf83b.html]
[socialistics.com/index7853.html]
[socialistics.com/index8edb.html]
[socialistics.com/index7217.html]
[socialistics.com/index4727.html]
[socialistics.com/index414e.html]
[socialistics.com/indexde15.html]
[socialistics.com/indexa715.html]
[socialistics.com/index5379.html]
[socialistics.com/index69eb.html]
[socialistics.com/index9913.html]
[socialistics.com/wp-json/wp/v2/posts/5190.json]
[socialistics.com/wp-json/oembed/1.0/embedfa24.json]
[socialistics.com/blog/page/6/indexf83b.html]
[socialistics.com/wp-json/oembed/1.0/embedd700]
[socialistics.com/liang-du/index.html]
[www.buzzsprout.com/1232381/5102065-how-to-authentically-become-an-influencer-with-liang-du5cac.js]
[socialistics.com/wp-json/wp/v2/posts/5186.json]
[socialistics.com/wp-json/oembed/1.0/embed8b55.json]
[socialistics.com/wp-json/oembed/1.0/embedc97f]
[socialistics.com/bohemian-rhapsody/index.html]
[www.buzzsprout.com/1232381/5034305-what-bohemian-rhapsody-the-socialistics-podcast-have-in-commonccd3.js]
[socialistics.com/wp-json/wp/v2/posts/5179.json]
[socialistics.com/wp-json/oembed/1.0/embed0e99.json]
[socialistics.com/wp-json/oembed/1.0/embed7a4a]
[socialistics.com/website-agency-disruption/index.html]
[www.buzzsprout.com/1232381/4855037-website-agency-disruption-with-leland-dieno-vp-at-agency-mediaf759.js]
[socialistics.com/wp-json/wp/v2/posts/5183.json]
[socialistics.com/wp-json/oembed/1.0/embed6139.json]
[socialistics.com/wp-json/oembed/1.0/embed0f01]
[socialistics.com/pandemic-survival/index.html]
[socialistics.com/the-power-of-saying-no-copy/index.html]
[www.buzzsprout.com/1232381/4816802-agency-survival-through-a-pandemicf71c.js]
[socialistics.com/wp-json/wp/v2/posts/5188.json]
[socialistics.com/wp-json/oembed/1.0/embedef1f.json]
[socialistics.com/wp-json/oembed/1.0/embedc7b5]
[socialistics.com/cleverly/index.html]
[www.buzzsprout.com/1232381/4757360-cleverly-linkedin-lead-gen-with-cam-harati-svp-of-strategy45b0.js]
[socialistics.com/wp-json/wp/v2/posts/5194.json]
[socialistics.com/wp-json/oembed/1.0/embedd155.json]
[socialistics.com/wp-json/oembed/1.0/embed1f46]
[socialistics.com/socialistics-podcast-first/index.html]
[socialistics.com/index0703.html]
[socialistics.com/blog/page/5/“https_/s3.amazonaws.com/top-local-agencies/js/upcity_widget.html]
[www.buzzsprout.com/1232381/4741082-socialistics-social-media-agency-storiesa5f7.js]
[socialistics.com/blog/page/6/“https_/s3.amazonaws.com/top-local-agencies/js/upcity_widget.js”]
[socialistics.com/blog/page/6/indexf83b.html]
[socialistics.com/index1d33.html]
[socialistics.com/indexc6bf.html]
[socialistics.com/indexbcce.html]
[socialistics.com/indexe6c6.html]
[socialistics.com/index9d32.html]
[socialistics.com/index1fc6.html]
[socialistics.com/blog/page/6/“https_/s3.amazonaws.com/top-local-agencies/js/upcity_widget.html]
[socialistics.com/blog/page/7/indexf83b.html]
[socialistics.com/blog/page/7/“https_/s3.amazonaws.com/top-local-agencies/js/upcity_widget.js”]
[socialistics.com/blog/page/7/indexf83b.html]
[socialistics.com/blog/page/7/“https_/s3.amazonaws.com/top-local-agencies/js/upcity_widget.html]
[socialistics.com/blog/page/8/indexf83b.html]
[socialistics.com/blog/page/8/“https_/s3.amazonaws.com/top-local-agencies/js/upcity_widget.js”]
[socialistics.com/blog/page/8/indexf83b.html]
[socialistics.com/blog/page/8/“https_/s3.amazonaws.com/top-local-agencies/js/upcity_widget.html]
[socialistics.com/blog/page/9/indexf83b.html]
[socialistics.com/blog/page/9/“https_/s3.amazonaws.com/top-local-agencies/js/upcity_widget.js”]
[socialistics.com/blog/page/9/indexf83b.html]
[socialistics.com/blog/page/9/“https_/s3.amazonaws.com/top-local-agencies/js/upcity_widget.html]
[socialistics.com/blog/page/10/indexf83b.html]
[socialistics.com/blog/page/10/“https_/s3.amazonaws.com/top-local-agencies/js/upcity_widget.js”]
[socialistics.com/blog/page/10/indexf83b.html]
[socialistics.com/blog/page/10/“https_/s3.amazonaws.com/top-local-agencies/js/upcity_widget.html]
